{"level":"info","message":"Server running in development mode on port 5000","timestamp":"2026-04-25 22:47:41"}
{"level":"error","message":"MongoDB connection error: connect ECONNREFUSED ::1:27017, connect ECONNREFUSED 127.0.0.1:27017","timestamp":"2026-04-25 22:48:10"}
{"level":"info","message":"Server running in development mode on port 5000","timestamp":"2026-04-25 23:11:23"}
{"level":"warn","message":"Failed to connect to mongodb://localhost:27017/foodapp. Starting in-memory MongoDB instead...","timestamp":"2026-04-25 23:11:53"}
{"level":"info","message":"In-Memory MongoDB connected: 127.0.0.1","timestamp":"2026-04-25 23:11:54"}
{"level":"info","message":"Server running in development mode on port 5000","timestamp":"2026-04-25 23:25:46"}
{"level":"info","message":"MongoDB connected: localhost","timestamp":"2026-04-25 23:25:46"}
{"_message":"User validation failed","errors":{"password":{"kind":"minlength","message":"Path `password` (`123`, length 3) is shorter than the minimum allowed length (6).","name":"ValidatorError","path":"password","properties":{"length":3,"message":"Path `password` (`123`, length 3) is shorter than the minimum allowed length (6).","minlength":6,"path":"password","type":"minlength","value":"123"},"value":"123"}},"level":"error","message":"User validation failed: password: Path `password` (`123`, length 3) is shorter than the minimum allowed length (6).","stack":"ValidationError: User validation failed: password: Path `password` (`123`, length 3) is shorter than the minimum allowed length (6).\n    at Document.invalidate (C:\\Users\\VAISHNAVI\\Downloads\\FixmeHackathon\\server\\node_modules\\mongoose\\lib\\document.js:3381:32)\n    at C:\\Users\\VAISHNAVI\\Downloads\\FixmeHackathon\\server\\node_modules\\mongoose\\lib\\document.js:3142:17\n    at C:\\Users\\VAISHNAVI\\Downloads\\FixmeHackathon\\server\\node_modules\\mongoose\\lib\\schemaType.js:1443:9\n    at process.processTicksAndRejections (node:internal/process/task_queues:85:11)","timestamp":"2026-04-25 23:26:34"}
{"level":"info","message":"Server running in development mode on port 5000","timestamp":"2026-04-25 23:31:59"}
{"level":"info","message":"MongoDB connected: localhost","timestamp":"2026-04-25 23:31:59"}
{"level":"info","message":"Server running in development mode on port 5000","timestamp":"2026-04-25 23:33:56"}
{"level":"info","message":"MongoDB connected: localhost","timestamp":"2026-04-25 23:33:56"}
{"level":"info","message":"Server running in development mode on port 5000","timestamp":"2026-04-25 23:34:05"}
{"level":"info","message":"MongoDB connected: localhost","timestamp":"2026-04-25 23:34:05"}
{"level":"info","message":"Server running in development mode on port 5000","timestamp":"2026-04-25 23:34:21"}
{"level":"info","message":"MongoDB connected: localhost","timestamp":"2026-04-25 23:34:21"}
{"level":"info","message":"Server running in development mode on port 5000","timestamp":"2026-04-26 19:47:52"}
{"level":"info","message":"MongoDB connected: localhost","timestamp":"2026-04-26 19:47:52"}
{"level":"info","message":"Server running in development mode on port 5000","timestamp":"2026-04-26 21:40:49"}
{"level":"warn","message":"Failed to connect to mongodb+srv://vaishnavijaiswal2006_db_user:MongoDB123@eliteher.f2tra4h.mongodb.net/?appName=EliteHer. Starting in-memory MongoDB instead...","timestamp":"2026-04-26 21:40:49"}
{"level":"info","message":"In-Memory MongoDB connected: 127.0.0.1","timestamp":"2026-04-26 21:40:50"}
{"level":"info","message":"Server running in development mode on port 5000","timestamp":"2026-04-26 21:44:14"}
{"level":"warn","message":"Failed to connect to mongodb+srv://vaishnavijaiswal2006_db_user:MongoDB123@eliteher.f2tra4h.mongodb.net/?appName=EliteHer. Starting in-memory MongoDB instead...","timestamp":"2026-04-26 21:44:14"}
{"level":"info","message":"In-Memory MongoDB connected: 127.0.0.1","timestamp":"2026-04-26 21:44:15"}
{"level":"info","message":"Server running in development mode on port 5000","timestamp":"2026-04-26 21:44:49"}
{"level":"warn","message":"Failed to connect to mongodb+srv://vaishnavijaiswal2006_db_user:MongoDB123@eliteher.f2tra4h.mongodb.net/?appName=EliteHer. Error: querySrv ECONNREFUSED _mongodb._tcp.eliteher.f2tra4h.mongodb.net. Starting in-memory MongoDB instead...","timestamp":"2026-04-26 21:44:49"}
{"level":"info","message":"In-Memory MongoDB connected: 127.0.0.1","timestamp":"2026-04-26 21:44:50"}
